<?xml version="1.0" encoding="UTF-8"?>
<testsuite name="TestSuite" time="0.11" tests="3" errors="0" skipped="1" failures="2">
  <properties>
[...]
</properties>
  <testcase name="createNewMember" classname="com.decexp.tests.MemberTest" time="0.05">
    <failure type="com.decexp.utils.AutomationException:">com.decexp.utils.AutomationException: null
	at com.decexp.pages.CRMLoginPage.loginAs(CRMLoginPage.java:26)
	at com.decexp.tests.MemberTest.createNewMember(MemberTest.java:47)
</failure>
  </testcase>
  <testcase name="tearDown" classname="com.decexp.tests.MemberTest" time="0.06">
    <failure type="java.lang.NullPointerException:">java.lang.NullPointerException: null
	at com.decexp.tests.MemberTest.tearDown(MemberTest.java:66)
</failure>
    <system-out><![CDATA[Exception while taking screenshot
]]></system-out>
  </testcase>
  <testcase name="closeCurrentDriver" classname="com.decexp.tests.MemberTest" time="0">
    <skipped/>
  </testcase>
</testsuite>