<?xml version="1.0" encoding="UTF-8"?>
<testng-results skipped="0" failed="1" total="1" passed="0">
  <reporter-output>
  </reporter-output>
  <suite name="Default suite" duration-ms="9484" started-at="2016-08-19T13:12:32Z" finished-at="2016-08-19T13:12:41Z">
    <groups>
    </groups>
    <test name="Default test" duration-ms="9484" started-at="2016-08-19T13:12:32Z" finished-at="2016-08-19T13:12:41Z">
      <class name="com.decexp.tests.MemberTest">
        <test-method status="PASS" signature="browserSetup(java.lang.String)[pri:0, instance:com.decexp.tests.MemberTest@2e57c204]" name="browserSetup" is-config="true" duration-ms="22978" started-at="2016-08-19T18:42:09Z" finished-at="2016-08-19T18:42:32Z">
          <params>
            <param index="0">
              <value is-null="true"/>
            </param>
          </params>
          <reporter-output>
          </reporter-output>
        </test-method> <!-- browserSetup -->
        <test-method status="FAIL" signature="createNewMember(com.decexp.beans.NewMembershipWorkflow)[pri:0, instance:com.decexp.tests.MemberTest@2e57c204]" name="createNewMember" duration-ms="7471" started-at="2016-08-19T18:42:33Z" data-provider="CreateNewMember" finished-at="2016-08-19T18:42:41Z">
          <params>
            <param index="0">
              <value>
                <![CDATA[NewMembershipWorkflow [ForeName=Test, SurName=1608_Autuser001, Initials=T, Title=Mr, Gender=Male, PostCode=EX8 5AN, Country=United Kingdom, Branch=Ireland, TermsAndCondition=Decline, Email=test@gmail.com]]]>
              </value>
            </param>
          </params>
          <exception class="com.decexp.utils.AutomationException">
            <full-stacktrace>
              <![CDATA[com.decexp.utils.AutomationException
	at com.decexp.pages.CRMLoginPage.loginAs(CRMLoginPage.java:29)
	at com.decexp.tests.MemberTest.createNewMember(MemberTest.java:41)
	at sun.reflect.NativeMethodAccessorImpl.invoke0(Native Method)
	at sun.reflect.NativeMethodAccessorImpl.invoke(NativeMethodAccessorImpl.java:57)
	at sun.reflect.DelegatingMethodAccessorImpl.invoke(DelegatingMethodAccessorImpl.java:43)
	at java.lang.reflect.Method.invoke(Method.java:606)
	at org.testng.internal.MethodInvocationHelper.invokeMethod(MethodInvocationHelper.java:80)
	at org.testng.internal.Invoker.invokeMethod(Invoker.java:714)
	at org.testng.internal.Invoker.invokeTestMethod(Invoker.java:901)
	at org.testng.internal.Invoker.invokeTestMethods(Invoker.java:1231)
	at org.testng.internal.TestMethodWorker.invokeTestMethods(TestMethodWorker.java:127)
	at org.testng.internal.TestMethodWorker.run(TestMethodWorker.java:111)
	at org.testng.TestRunner.privateRun(TestRunner.java:767)
	at org.testng.TestRunner.run(TestRunner.java:617)
	at org.testng.SuiteRunner.runTest(SuiteRunner.java:334)
	at org.testng.SuiteRunner.runSequentially(SuiteRunner.java:329)
	at org.testng.SuiteRunner.privateRun(SuiteRunner.java:291)
	at org.testng.SuiteRunner.run(SuiteRunner.java:240)
	at org.testng.SuiteRunnerWorker.runSuite(SuiteRunnerWorker.java:52)
	at org.testng.SuiteRunnerWorker.run(SuiteRunnerWorker.java:86)
	at org.testng.TestNG.runSuitesSequentially(TestNG.java:1198)
	at org.testng.TestNG.runSuitesLocally(TestNG.java:1123)
	at org.testng.TestNG.run(TestNG.java:1031)
	at org.testng.remote.AbstractRemoteTestNG.run(AbstractRemoteTestNG.java:126)
	at org.testng.remote.RemoteTestNG.initAndRun(RemoteTestNG.java:152)
	at org.testng.remote.RemoteTestNG.main(RemoteTestNG.java:57)
]]>
            </full-stacktrace>
          </exception> <!-- com.decexp.utils.AutomationException -->
          <reporter-output>
          </reporter-output>
        </test-method> <!-- createNewMember -->
        <test-method status="FAIL" signature="closeCurrentDriver()[pri:0, instance:com.decexp.tests.MemberTest@2e57c204]" name="closeCurrentDriver" is-config="true" duration-ms="0" started-at="2016-08-19T18:42:41Z" finished-at="2016-08-19T18:42:41Z">
          <exception class="com.decexp.utils.AutomationException">
            <message>
              <![CDATA[Session ID is null]]>
            </message>
            <full-stacktrace>
              <![CDATA[com.decexp.utils.AutomationException: Session ID is null
	at com.decexp.utils.BaseTest.closeCurrentDriver(BaseTest.java:47)
	at sun.reflect.NativeMethodAccessorImpl.invoke0(Native Method)
	at sun.reflect.NativeMethodAccessorImpl.invoke(NativeMethodAccessorImpl.java:57)
	at sun.reflect.DelegatingMethodAccessorImpl.invoke(DelegatingMethodAccessorImpl.java:43)
	at java.lang.reflect.Method.invoke(Method.java:606)
	at org.testng.internal.MethodInvocationHelper.invokeMethod(MethodInvocationHelper.java:80)
	at org.testng.internal.Invoker.invokeConfigurationMethod(Invoker.java:564)
	at org.testng.internal.Invoker.invokeConfigurations(Invoker.java:213)
	at org.testng.internal.Invoker.invokeConfigurations(Invoker.java:138)
	at org.testng.TestRunner.afterRun(TestRunner.java:1021)
	at org.testng.TestRunner.run(TestRunner.java:621)
	at org.testng.SuiteRunner.runTest(SuiteRunner.java:334)
	at org.testng.SuiteRunner.runSequentially(SuiteRunner.java:329)
	at org.testng.SuiteRunner.privateRun(SuiteRunner.java:291)
	at org.testng.SuiteRunner.run(SuiteRunner.java:240)
	at org.testng.SuiteRunnerWorker.runSuite(SuiteRunnerWorker.java:52)
	at org.testng.SuiteRunnerWorker.run(SuiteRunnerWorker.java:86)
	at org.testng.TestNG.runSuitesSequentially(TestNG.java:1198)
	at org.testng.TestNG.runSuitesLocally(TestNG.java:1123)
	at org.testng.TestNG.run(TestNG.java:1031)
	at org.testng.remote.AbstractRemoteTestNG.run(AbstractRemoteTestNG.java:126)
	at org.testng.remote.RemoteTestNG.initAndRun(RemoteTestNG.java:152)
	at org.testng.remote.RemoteTestNG.main(RemoteTestNG.java:57)
]]>
            </full-stacktrace>
          </exception> <!-- com.decexp.utils.AutomationException -->
          <reporter-output>
          </reporter-output>
        </test-method> <!-- closeCurrentDriver -->
      </class> <!-- com.decexp.tests.MemberTest -->
    </test> <!-- Default test -->
  </suite> <!-- Default suite -->
</testng-results>
