<?xml version="1.0" encoding="UTF-8"?>
<testng-results skipped="0" failed="0" total="2" passed="2">
  <reporter-output>
  </reporter-output>
  <suite name="Decision Express Suite" duration-ms="447877" started-at="2016-10-03T11:18:29Z" finished-at="2016-10-03T11:25:57Z">
    <groups>
    </groups>
    <test name="Login Test" duration-ms="447877" started-at="2016-10-03T11:18:29Z" finished-at="2016-10-03T11:25:57Z">
      <class name="com.decexp.tests.MemberTest">
        <test-method status="PASS" signature="browserSetup(java.lang.String)[pri:0, instance:com.decexp.tests.MemberTest@10e76514]" name="browserSetup" is-config="true" duration-ms="6909" started-at="2016-10-03T16:48:22Z" finished-at="2016-10-03T16:48:29Z">
          <params>
            <param index="0">
              <value>
                <![CDATA[firefox]]>
              </value>
            </param>
          </params>
          <reporter-output>
          </reporter-output>
        </test-method> <!-- browserSetup -->
        <test-method status="PASS" signature="beforeClass()[pri:0, instance:com.decexp.tests.MemberTest@10e76514]" name="beforeClass" is-config="true" duration-ms="98" started-at="2016-10-03T16:48:29Z" finished-at="2016-10-03T16:48:29Z">
          <reporter-output>
          </reporter-output>
        </test-method> <!-- beforeClass -->
        <test-method status="PASS" signature="createNewProspect(com.decexp.beans.AddMemberDetails)[pri:0, instance:com.decexp.tests.MemberTest@10e76514]" name="createNewProspect" duration-ms="180554" started-at="2016-10-03T16:48:52Z" description="This test case is used to create prospect" data-provider="AddProspect" finished-at="2016-10-03T16:51:52Z">
          <params>
            <param index="0">
              <value>
                <![CDATA[AddMemberDetails [ForeName=Test_Prospect, SurName=2609_Autuser001, Initials=T, Title=Mr, Mobile=M123, Email=test@gmail.com, Gender=Male, PostCode=EX8 5AN, Country=Afghanistan, Branch=Channel Islands, TermsAndCondition=Decline, Product=null, PaymentMethod=null]]]>
              </value>
            </param>
          </params>
          <reporter-output>
          </reporter-output>
        </test-method> <!-- createNewProspect -->
        <test-method status="PASS" signature="createNewMember(com.decexp.beans.AddMemberDetails)[pri:0, instance:com.decexp.tests.MemberTest@10e76514]" name="createNewMember" duration-ms="238023" started-at="2016-10-03T16:51:52Z" description="This test case is used to create Member" data-provider="AddMember" finished-at="2016-10-03T16:55:50Z">
          <params>
            <param index="0">
              <value>
                <![CDATA[AddMemberDetails [ForeName=Test_Member, SurName=2609_Autuser001, Initials=T, Title=Mr, Mobile=M123, Email=test1@gmail.com, Gender=Male, PostCode=EX8 5AN, Country=Afghanistan, Branch=Channel Islands, TermsAndCondition=Accept, Product=ACPGBI: 1st year Consultant, PaymentMethod=Cheque]]]>
              </value>
            </param>
          </params>
          <reporter-output>
          </reporter-output>
        </test-method> <!-- createNewMember -->
        <test-method status="PASS" signature="closeCurrentDriver()[pri:0, instance:com.decexp.tests.MemberTest@10e76514]" name="closeCurrentDriver" is-config="true" duration-ms="4213" started-at="2016-10-03T16:55:53Z" finished-at="2016-10-03T16:55:57Z">
          <reporter-output>
          </reporter-output>
        </test-method> <!-- closeCurrentDriver -->
      </class> <!-- com.decexp.tests.MemberTest -->
    </test> <!-- Login Test -->
  </suite> <!-- Decision Express Suite -->
</testng-results>
