<?xml version="1.0" encoding="UTF-8"?>
<!-- Generated by org.testng.reporters.JUnitXMLReporter -->
<testsuite hostname="NDI-LAP-357" name="Login Test" tests="1" failures="1" timestamp="19 Aug 2016 12:41:54 GMT" time="25.367" errors="0">
  <testcase name="createNewMember" time="20.245" classname="com.decexp.tests.MemberTest">
    <failure type="com.decexp.utils.AutomationException">
      <![CDATA[com.decexp.utils.AutomationException
	at com.decexp.pages.CRMLoginPage.loginAs(CRMLoginPage.java:29)
	at com.decexp.tests.MemberTest.createNewMember(MemberTest.java:36)
... Removed 24 stack frames]]>
    </failure>
  </testcase> <!-- createNewMember -->
</testsuite> <!-- Login Test -->
